<?xml version="1.0" encoding="UTF-8"?>
<testsuite name="비즈니스 로직 - 댓글" tests="2" skipped="2" failures="0" errors="0" timestamp="2022-08-19T07:27:12" hostname="gimbeom-uui-MacBookAir.local" time="0.0">
  <properties/>
  <testcase name="게시글 ID로 조회하면, 해당하는 댓글 리스트를 반환한다." classname="com.example.projectboard.service.ArticleCommentServiceTest" time="0.0">
    <skipped/>
  </testcase>
  <testcase name="댓글 정보를 입력하면, 댓글을 저장한다." classname="com.example.projectboard.service.ArticleCommentServiceTest" time="0.0">
    <skipped/>
  </testcase>
  <system-out><![CDATA[]]></system-out>
  <system-err><![CDATA[]]></system-err>
</testsuite>
