<?xml version="1.0" encoding="UTF-8"?>
<testsuite name="View 컨트롤러 - 인증" tests="1" skipped="0" failures="0" errors="0" timestamp="2022-08-19T07:27:12" hostname="gimbeom-uui-MacBookAir.local" time="0.003">
  <properties/>
  <testcase name="[view][GET] 로그인 페이지" classname="com.example.projectboard.controller.AuthControllerTest" time="0.003"/>
  <system-out><![CDATA[2022-08-19 16:27:12.081  INFO 85240 --- [    Test worker] .b.t.a.w.s.WebMvcTestContextBootstrapper : Neither @ContextConfiguration nor @ContextHierarchy found for test class [com.example.projectboard.controller.AuthControllerTest], using SpringBootContextLoader
2022-08-19 16:27:12.082  INFO 85240 --- [    Test worker] o.s.t.c.support.AbstractContextLoader    : Could not detect default resource locations for test class [com.example.projectboard.controller.AuthControllerTest]: no resource found for suffixes {-context.xml, Context.groovy}.
2022-08-19 16:27:12.083  INFO 85240 --- [    Test worker] t.c.s.AnnotationConfigContextLoaderUtils : Could not detect default configuration classes for test class [com.example.projectboard.controller.AuthControllerTest]: AuthControllerTest does not declare any static, non-private, non-final, nested classes annotated with @Configuration.
2022-08-19 16:27:12.086  INFO 85240 --- [    Test worker] .b.t.c.SpringBootTestContextBootstrapper : Found @SpringBootConfiguration com.example.projectboard.ProjectBoardApplication for test class com.example.projectboard.controller.AuthControllerTest
2022-08-19 16:27:12.087  INFO 85240 --- [    Test worker] .b.t.a.w.s.WebMvcTestContextBootstrapper : Loaded default TestExecutionListener class names from location [META-INF/spring.factories]: [org.springframework.boot.test.autoconfigure.restdocs.RestDocsTestExecutionListener, org.springframework.boot.test.autoconfigure.web.client.MockRestServiceServerResetTestExecutionListener, org.springframework.boot.test.autoconfigure.web.servlet.MockMvcPrintOnlyOnFailureTestExecutionListener, org.springframework.boot.test.autoconfigure.web.servlet.WebDriverTestExecutionListener, org.springframework.boot.test.autoconfigure.webservices.client.MockWebServiceServerTestExecutionListener, org.springframework.boot.test.mock.mockito.MockitoTestExecutionListener, org.springframework.boot.test.mock.mockito.ResetMocksTestExecutionListener, org.springframework.test.context.web.ServletTestExecutionListener, org.springframework.test.context.support.DirtiesContextBeforeModesTestExecutionListener, org.springframework.test.context.event.ApplicationEventsTestExecutionListener, org.springframework.test.context.support.DependencyInjectionTestExecutionListener, org.springframework.test.context.support.DirtiesContextTestExecutionListener, org.springframework.test.context.transaction.TransactionalTestExecutionListener, org.springframework.test.context.jdbc.SqlScriptsTestExecutionListener, org.springframework.test.context.event.EventPublishingTestExecutionListener]
2022-08-19 16:27:12.087  INFO 85240 --- [    Test worker] .b.t.a.w.s.WebMvcTestContextBootstrapper : Using TestExecutionListeners: [org.springframework.test.context.web.ServletTestExecutionListener@a6a7c4f, org.springframework.test.context.support.DirtiesContextBeforeModesTestExecutionListener@451d6bc9, org.springframework.test.context.event.ApplicationEventsTestExecutionListener@7431f4b8, org.springframework.boot.test.mock.mockito.MockitoTestExecutionListener@5c936b5f, org.springframework.boot.test.autoconfigure.SpringBootDependencyInjectionTestExecutionListener@5c2fc86, org.springframework.test.context.support.DirtiesContextTestExecutionListener@2baf9cd4, org.springframework.test.context.transaction.TransactionalTestExecutionListener@50c0392d, org.springframework.test.context.jdbc.SqlScriptsTestExecutionListener@174e79f9, org.springframework.test.context.event.EventPublishingTestExecutionListener@57a815a, org.springframework.boot.test.autoconfigure.restdocs.RestDocsTestExecutionListener@5264e41d, org.springframework.boot.test.autoconfigure.web.client.MockRestServiceServerResetTestExecutionListener@3bca62d, org.springframework.boot.test.autoconfigure.web.servlet.MockMvcPrintOnlyOnFailureTestExecutionListener@67d99612, org.springframework.boot.test.autoconfigure.web.servlet.WebDriverTestExecutionListener@36f8abe2, org.springframework.boot.test.autoconfigure.webservices.client.MockWebServiceServerTestExecutionListener@4349f52c, org.springframework.boot.test.mock.mockito.ResetMocksTestExecutionListener@2522bea6]

  .   ____          _            __ _ _
 /\\ / ___'_ __ _ _(_)_ __  __ _ \ \ \ \
( ( )\___ | '_ | '_| | '_ \/ _` | \ \ \ \
 \\/  ___)| |_)| | | | | || (_| |  ) ) ) )
  '  |____| .__|_| |_|_| |_\__, | / / / /
 =========|_|==============|___/=/_/_/_/
 :: Spring Boot ::                (v2.7.2)

2022-08-19 16:27:12.102  INFO 85240 --- [    Test worker] c.e.p.controller.AuthControllerTest      : Starting AuthControllerTest using Java 17.0.4 on gimbeom-uui-MacBookAir.local with PID 85240 (started by kimbeom-u in /Users/kimbeom-u/Desktop/study/project-board/project-board)
2022-08-19 16:27:12.102 DEBUG 85240 --- [    Test worker] c.e.p.controller.AuthControllerTest      : Running with Spring Boot v2.7.2, Spring v5.3.22
2022-08-19 16:27:12.102  INFO 85240 --- [    Test worker] c.e.p.controller.AuthControllerTest      : No active profile set, falling back to 1 default profile: "default"
2022-08-19 16:27:12.170  WARN 85240 --- [    Test worker] .s.s.UserDetailsServiceAutoConfiguration : 

Using generated security password: e15e2111-d5d6-44ae-a34f-1410d5c2a2ad

This generated password is for development use only. Your security configuration must be updated before running your application in production.

2022-08-19 16:27:12.189  INFO 85240 --- [    Test worker] o.s.s.web.DefaultSecurityFilterChain     : Will secure any request with [org.springframework.security.web.session.DisableEncodeUrlFilter@6bd4d24b, org.springframework.security.web.context.request.async.WebAsyncManagerIntegrationFilter@5e1fc897, org.springframework.security.web.context.SecurityContextPersistenceFilter@7d8fcde8, org.springframework.security.web.header.HeaderWriterFilter@7414167a, org.springframework.security.web.csrf.CsrfFilter@72238cf0, org.springframework.security.web.authentication.logout.LogoutFilter@78c7d992, org.springframework.security.web.authentication.UsernamePasswordAuthenticationFilter@2d198533, org.springframework.security.web.authentication.ui.DefaultLoginPageGeneratingFilter@79b07ccd, org.springframework.security.web.authentication.ui.DefaultLogoutPageGeneratingFilter@73c337e9, org.springframework.security.web.savedrequest.RequestCacheAwareFilter@12620e98, org.springframework.security.web.servletapi.SecurityContextHolderAwareRequestFilter@46916d68, org.springframework.security.web.authentication.AnonymousAuthenticationFilter@129204bf, org.springframework.security.web.session.SessionManagementFilter@13258770, org.springframework.security.web.access.ExceptionTranslationFilter@7e32261f, org.springframework.security.web.access.intercept.AuthorizationFilter@4f5c55a8]
2022-08-19 16:27:12.248 DEBUG 85240 --- [    Test worker] s.w.s.m.m.a.RequestMappingHandlerAdapter : ControllerAdvice beans: 0 @ModelAttribute, 0 @InitBinder, 1 RequestBodyAdvice, 1 ResponseBodyAdvice
2022-08-19 16:27:12.250  INFO 85240 --- [    Test worker] o.s.b.a.w.s.WelcomePageHandlerMapping    : Adding welcome page template: index
2022-08-19 16:27:12.262 DEBUG 85240 --- [    Test worker] s.w.s.m.m.a.RequestMappingHandlerMapping : 5 mappings in 'requestMappingHandlerMapping'
2022-08-19 16:27:12.270 DEBUG 85240 --- [    Test worker] o.s.w.s.handler.SimpleUrlHandlerMapping  : Patterns [/webjars/**, /**] in 'resourceHandlerMapping'
2022-08-19 16:27:12.274 DEBUG 85240 --- [    Test worker] .m.m.a.ExceptionHandlerExceptionResolver : ControllerAdvice beans: 0 @ExceptionHandler, 1 ResponseBodyAdvice
2022-08-19 16:27:12.308  INFO 85240 --- [    Test worker] o.s.b.t.m.w.SpringBootMockServletContext : Initializing Spring TestDispatcherServlet ''
2022-08-19 16:27:12.308  INFO 85240 --- [    Test worker] o.s.t.web.servlet.TestDispatcherServlet  : Initializing Servlet ''
2022-08-19 16:27:12.308  INFO 85240 --- [    Test worker] o.s.t.web.servlet.TestDispatcherServlet  : Completed initialization in 0 ms
2022-08-19 16:27:12.312  INFO 85240 --- [    Test worker] c.e.p.controller.AuthControllerTest      : Started AuthControllerTest in 0.223 seconds (JVM running for 4.583)
]]></system-out>
  <system-err><![CDATA[]]></system-err>
</testsuite>
