<?xml version="1.0" encoding="UTF-8"?>
<testsuite name="com.example.projectboard.ProjectBoardApplicationTests" tests="1" skipped="0" failures="0" errors="0" timestamp="2022-08-19T07:27:11" hostname="gimbeom-uui-MacBookAir.local" time="0.004">
  <properties/>
  <testcase name="contextLoads()" classname="com.example.projectboard.ProjectBoardApplicationTests" time="0.004"/>
  <system-out><![CDATA[16:27:08.374 [Test worker] DEBUG org.springframework.test.context.BootstrapUtils - Instantiating CacheAwareContextLoaderDelegate from class [org.springframework.test.context.cache.DefaultCacheAwareContextLoaderDelegate]
16:27:08.377 [Test worker] DEBUG org.springframework.test.context.BootstrapUtils - Instantiating BootstrapContext using constructor [public org.springframework.test.context.support.DefaultBootstrapContext(java.lang.Class,org.springframework.test.context.CacheAwareContextLoaderDelegate)]
16:27:08.389 [Test worker] DEBUG org.springframework.test.context.BootstrapUtils - Instantiating TestContextBootstrapper for test class [com.example.projectboard.ProjectBoardApplicationTests] from class [org.springframework.boot.test.context.SpringBootTestContextBootstrapper]
16:27:08.393 [Test worker] INFO org.springframework.boot.test.context.SpringBootTestContextBootstrapper - Neither @ContextConfiguration nor @ContextHierarchy found for test class [com.example.projectboard.ProjectBoardApplicationTests], using SpringBootContextLoader
16:27:08.395 [Test worker] DEBUG org.springframework.test.context.support.AbstractContextLoader - Did not detect default resource location for test class [com.example.projectboard.ProjectBoardApplicationTests]: class path resource [com/example/projectboard/ProjectBoardApplicationTests-context.xml] does not exist
16:27:08.395 [Test worker] DEBUG org.springframework.test.context.support.AbstractContextLoader - Did not detect default resource location for test class [com.example.projectboard.ProjectBoardApplicationTests]: class path resource [com/example/projectboard/ProjectBoardApplicationTestsContext.groovy] does not exist
16:27:08.395 [Test worker] INFO org.springframework.test.context.support.AbstractContextLoader - Could not detect default resource locations for test class [com.example.projectboard.ProjectBoardApplicationTests]: no resource found for suffixes {-context.xml, Context.groovy}.
16:27:08.395 [Test worker] INFO org.springframework.test.context.support.AnnotationConfigContextLoaderUtils - Could not detect default configuration classes for test class [com.example.projectboard.ProjectBoardApplicationTests]: ProjectBoardApplicationTests does not declare any static, non-private, non-final, nested classes annotated with @Configuration.
16:27:08.409 [Test worker] DEBUG org.springframework.test.context.support.ActiveProfilesUtils - Could not find an 'annotation declaring class' for annotation type [org.springframework.test.context.ActiveProfiles] and class [com.example.projectboard.ProjectBoardApplicationTests]
16:27:08.427 [Test worker] DEBUG org.springframework.context.annotation.ClassPathScanningCandidateComponentProvider - Identified candidate component class: file [/Users/kimbeom-u/Desktop/study/project-board/project-board/build/classes/java/main/com/example/projectboard/ProjectBoardApplication.class]
16:27:08.427 [Test worker] INFO org.springframework.boot.test.context.SpringBootTestContextBootstrapper - Found @SpringBootConfiguration com.example.projectboard.ProjectBoardApplication for test class com.example.projectboard.ProjectBoardApplicationTests
16:27:08.459 [Test worker] DEBUG org.springframework.boot.test.context.SpringBootTestContextBootstrapper - @TestExecutionListeners is not present for class [com.example.projectboard.ProjectBoardApplicationTests]: using defaults.
16:27:08.459 [Test worker] INFO org.springframework.boot.test.context.SpringBootTestContextBootstrapper - Loaded default TestExecutionListener class names from location [META-INF/spring.factories]: [org.springframework.boot.test.autoconfigure.restdocs.RestDocsTestExecutionListener, org.springframework.boot.test.autoconfigure.web.client.MockRestServiceServerResetTestExecutionListener, org.springframework.boot.test.autoconfigure.web.servlet.MockMvcPrintOnlyOnFailureTestExecutionListener, org.springframework.boot.test.autoconfigure.web.servlet.WebDriverTestExecutionListener, org.springframework.boot.test.autoconfigure.webservices.client.MockWebServiceServerTestExecutionListener, org.springframework.boot.test.mock.mockito.MockitoTestExecutionListener, org.springframework.boot.test.mock.mockito.ResetMocksTestExecutionListener, org.springframework.test.context.web.ServletTestExecutionListener, org.springframework.test.context.support.DirtiesContextBeforeModesTestExecutionListener, org.springframework.test.context.event.ApplicationEventsTestExecutionListener, org.springframework.test.context.support.DependencyInjectionTestExecutionListener, org.springframework.test.context.support.DirtiesContextTestExecutionListener, org.springframework.test.context.transaction.TransactionalTestExecutionListener, org.springframework.test.context.jdbc.SqlScriptsTestExecutionListener, org.springframework.test.context.event.EventPublishingTestExecutionListener]
16:27:08.464 [Test worker] INFO org.springframework.boot.test.context.SpringBootTestContextBootstrapper - Using TestExecutionListeners: [org.springframework.test.context.web.ServletTestExecutionListener@51c959a4, org.springframework.test.context.support.DirtiesContextBeforeModesTestExecutionListener@4fc3c165, org.springframework.test.context.event.ApplicationEventsTestExecutionListener@10a0fe30, org.springframework.boot.test.mock.mockito.MockitoTestExecutionListener@7b6860f9, org.springframework.boot.test.autoconfigure.SpringBootDependencyInjectionTestExecutionListener@60f70249, org.springframework.test.context.support.DirtiesContextTestExecutionListener@31ee2fdb, org.springframework.test.context.transaction.TransactionalTestExecutionListener@262816a8, org.springframework.test.context.jdbc.SqlScriptsTestExecutionListener@1effd53c, org.springframework.test.context.event.EventPublishingTestExecutionListener@46c269e0, org.springframework.boot.test.autoconfigure.restdocs.RestDocsTestExecutionListener@6920614, org.springframework.boot.test.autoconfigure.web.client.MockRestServiceServerResetTestExecutionListener@6069dd38, org.springframework.boot.test.autoconfigure.web.servlet.MockMvcPrintOnlyOnFailureTestExecutionListener@5fa23c, org.springframework.boot.test.autoconfigure.web.servlet.WebDriverTestExecutionListener@558756be, org.springframework.boot.test.autoconfigure.webservices.client.MockWebServiceServerTestExecutionListener@433348bc, org.springframework.boot.test.mock.mockito.ResetMocksTestExecutionListener@6d1dcdff]
16:27:08.465 [Test worker] DEBUG org.springframework.test.context.support.AbstractDirtiesContextTestExecutionListener - Before test class: context [DefaultTestContext@65b97f47 testClass = ProjectBoardApplicationTests, testInstance = [null], testMethod = [null], testException = [null], mergedContextConfiguration = [WebMergedContextConfiguration@255eaa6b testClass = ProjectBoardApplicationTests, locations = '{}', classes = '{class com.example.projectboard.ProjectBoardApplication}', contextInitializerClasses = '[]', activeProfiles = '{}', propertySourceLocations = '{}', propertySourceProperties = '{org.springframework.boot.test.context.SpringBootTestContextBootstrapper=true}', contextCustomizers = set[org.springframework.boot.test.autoconfigure.actuate.metrics.MetricsExportContextCustomizerFactory$DisableMetricExportContextCustomizer@62a4417, org.springframework.boot.test.autoconfigure.properties.PropertyMappingContextCustomizer@0, org.springframework.boot.test.autoconfigure.web.servlet.WebDriverContextCustomizerFactory$Customizer@3effd4f3, org.springframework.boot.test.context.filter.ExcludeFilterContextCustomizer@514cd540, org.springframework.boot.test.json.DuplicateJsonObjectContextCustomizerFactory$DuplicateJsonObjectContextCustomizer@390877d2, org.springframework.boot.test.mock.mockito.MockitoContextCustomizer@0, org.springframework.boot.test.web.client.TestRestTemplateContextCustomizer@117bcfdc, org.springframework.boot.test.context.SpringBootTestArgs@1, org.springframework.boot.test.context.SpringBootTestWebEnvironment@1bb266b3], resourceBasePath = 'src/main/webapp', contextLoader = 'org.springframework.boot.test.context.SpringBootContextLoader', parent = [null]], attributes = map['org.springframework.test.context.web.ServletTestExecutionListener.activateListener' -> true]], class annotated with @DirtiesContext [false] with mode [null].

  .   ____          _            __ _ _
 /\\ / ___'_ __ _ _(_)_ __  __ _ \ \ \ \
( ( )\___ | '_ | '_| | '_ \/ _` | \ \ \ \
 \\/  ___)| |_)| | | | | || (_| |  ) ) ) )
  '  |____| .__|_| |_|_| |_\__, | / / / /
 =========|_|==============|___/=/_/_/_/
 :: Spring Boot ::                (v2.7.2)

2022-08-19 16:27:08.596  INFO 85240 --- [    Test worker] c.e.p.ProjectBoardApplicationTests       : Starting ProjectBoardApplicationTests using Java 17.0.4 on gimbeom-uui-MacBookAir.local with PID 85240 (started by kimbeom-u in /Users/kimbeom-u/Desktop/study/project-board/project-board)
2022-08-19 16:27:08.597 DEBUG 85240 --- [    Test worker] c.e.p.ProjectBoardApplicationTests       : Running with Spring Boot v2.7.2, Spring v5.3.22
2022-08-19 16:27:08.597  INFO 85240 --- [    Test worker] c.e.p.ProjectBoardApplicationTests       : No active profile set, falling back to 1 default profile: "default"
2022-08-19 16:27:08.946  INFO 85240 --- [    Test worker] .s.d.r.c.RepositoryConfigurationDelegate : Bootstrapping Spring Data JPA repositories in DEFAULT mode.
2022-08-19 16:27:08.966  INFO 85240 --- [    Test worker] .s.d.r.c.RepositoryConfigurationDelegate : Finished Spring Data repository scanning in 18 ms. Found 3 JPA repository interfaces.
2022-08-19 16:27:09.218  INFO 85240 --- [    Test worker] o.hibernate.jpa.internal.util.LogHelper  : HHH000204: Processing PersistenceUnitInfo [name: default]
2022-08-19 16:27:09.235  INFO 85240 --- [    Test worker] org.hibernate.Version                    : HHH000412: Hibernate ORM core version 5.6.10.Final
2022-08-19 16:27:09.254  INFO 85240 --- [    Test worker] o.hibernate.annotations.common.Version   : HCANN000001: Hibernate Commons Annotations {5.1.2.Final}
2022-08-19 16:27:09.290  INFO 85240 --- [    Test worker] com.zaxxer.hikari.HikariDataSource       : HikariPool-1 - Starting...
2022-08-19 16:27:09.452  INFO 85240 --- [    Test worker] com.zaxxer.hikari.HikariDataSource       : HikariPool-1 - Start completed.
2022-08-19 16:27:09.465  INFO 85240 --- [    Test worker] org.hibernate.dialect.Dialect            : HHH000400: Using dialect: org.hibernate.dialect.MySQL8Dialect
Hibernate: 
    
    alter table article 
       drop 
       foreign key FK7nog4dgcklyp3pykrjrssac3s
Hibernate: 
    
    alter table article_comment 
       drop 
       foreign key FKghmocqkgqs5tkmucf5putw64t
Hibernate: 
    
    alter table article_comment 
       drop 
       foreign key FKly06fongwpf8bcm2ifpoe4nd6
Hibernate: 
    
    drop table if exists article
Hibernate: 
    
    drop table if exists article_comment
Hibernate: 
    
    drop table if exists user_account
Hibernate: 
    
    create table article (
       id bigint not null auto_increment,
        created_at datetime(6) not null,
        created_by varchar(100) not null,
        modified_at datetime(6) not null,
        modified_by varchar(100) not null,
        content varchar(10000) not null,
        hashtag varchar(255),
        title varchar(255) not null,
        user_account_id bigint not null,
        primary key (id)
    ) engine=InnoDB
Hibernate: 
    
    create table article_comment (
       id bigint not null auto_increment,
        created_at datetime(6) not null,
        created_by varchar(100) not null,
        modified_at datetime(6) not null,
        modified_by varchar(100) not null,
        content varchar(255) not null,
        article_id bigint not null,
        user_account_id bigint not null,
        primary key (id)
    ) engine=InnoDB
Hibernate: 
    
    create table user_account (
       id bigint not null auto_increment,
        created_at datetime(6) not null,
        created_by varchar(100) not null,
        modified_at datetime(6) not null,
        modified_by varchar(100) not null,
        email varchar(100),
        memo varchar(255),
        nickname varchar(100),
        user_id varchar(50) not null,
        user_password varchar(255) not null,
        primary key (id)
    ) engine=InnoDB
Hibernate: create index IDX571gx7oqo5xpmgocegaidlcu9 on article (title)
Hibernate: create index IDXai44fu6vaa28ebpydglnv7t3e on article (hashtag)
Hibernate: create index IDXrmt77yibijtk4sarremr67saa on article (created_at)
Hibernate: create index IDXjl4utii2etiocimt799wvtuvv on article (created_by)
Hibernate: create index IDXpieqqnljv147sefofs56h25qx on article_comment (content)
Hibernate: create index IDXh1jx107qecntcbcpc2vfb07ij on article_comment (created_at)
Hibernate: create index IDXc6pa61djuf2o8xnceyyvtdbaq on article_comment (created_by)
Hibernate: create index IDXnc5wqc2hv4w89l73duurb1dln on user_account (user_id)
Hibernate: create index IDXogja11wxoxigeh554wd4094xv on user_account (created_at)
Hibernate: create index IDX9twf822xbr2e0qcmnxueulgfw on user_account (created_by)
Hibernate: 
    
    alter table user_account 
       add constraint UKhl02wv5hym99ys465woijmfib unique (email)
Hibernate: 
    
    alter table article 
       add constraint FK7nog4dgcklyp3pykrjrssac3s 
       foreign key (user_account_id) 
       references user_account (id)
Hibernate: 
    
    alter table article_comment 
       add constraint FKghmocqkgqs5tkmucf5putw64t 
       foreign key (article_id) 
       references article (id)
Hibernate: 
    
    alter table article_comment 
       add constraint FKly06fongwpf8bcm2ifpoe4nd6 
       foreign key (user_account_id) 
       references user_account (id)
2022-08-19 16:27:10.221  INFO 85240 --- [    Test worker] o.h.e.t.j.p.i.JtaPlatformInitiator       : HHH000490: Using JtaPlatform implementation: [org.hibernate.engine.transaction.jta.platform.internal.NoJtaPlatform]
2022-08-19 16:27:10.227  INFO 85240 --- [    Test worker] j.LocalContainerEntityManagerFactoryBean : Initialized JPA EntityManagerFactory for persistence unit 'default'
2022-08-19 16:27:10.750  WARN 85240 --- [    Test worker] .s.s.UserDetailsServiceAutoConfiguration : 

Using generated security password: 9782abb0-45f5-4a0c-a29d-907e49479d61

This generated password is for development use only. Your security configuration must be updated before running your application in production.

2022-08-19 16:27:10.807  INFO 85240 --- [    Test worker] o.s.s.web.DefaultSecurityFilterChain     : Will secure any request with [org.springframework.security.web.session.DisableEncodeUrlFilter@49318c2a, org.springframework.security.web.context.request.async.WebAsyncManagerIntegrationFilter@17adbecf, org.springframework.security.web.context.SecurityContextPersistenceFilter@3a70acd5, org.springframework.security.web.header.HeaderWriterFilter@2e7cd4bb, org.springframework.security.web.csrf.CsrfFilter@1abf38d1, org.springframework.security.web.authentication.logout.LogoutFilter@7a8e35d1, org.springframework.security.web.authentication.UsernamePasswordAuthenticationFilter@1001b435, org.springframework.security.web.authentication.ui.DefaultLoginPageGeneratingFilter@73f6ffb1, org.springframework.security.web.authentication.ui.DefaultLogoutPageGeneratingFilter@59eb987a, org.springframework.security.web.savedrequest.RequestCacheAwareFilter@5367d46f, org.springframework.security.web.servletapi.SecurityContextHolderAwareRequestFilter@21d478f3, org.springframework.security.web.authentication.AnonymousAuthenticationFilter@31b4c003, org.springframework.security.web.session.SessionManagementFilter@776b7fa2, org.springframework.security.web.access.ExceptionTranslationFilter@19c578bf, org.springframework.security.web.access.intercept.AuthorizationFilter@5b132063]
2022-08-19 16:27:11.191 DEBUG 85240 --- [    Test worker] s.w.s.m.m.a.RequestMappingHandlerAdapter : ControllerAdvice beans: 0 @ModelAttribute, 0 @InitBinder, 1 RequestBodyAdvice, 1 ResponseBodyAdvice
2022-08-19 16:27:11.218  INFO 85240 --- [    Test worker] o.s.b.a.w.s.WelcomePageHandlerMapping    : Adding welcome page template: index
2022-08-19 16:27:11.258 DEBUG 85240 --- [    Test worker] s.w.s.m.m.a.RequestMappingHandlerMapping : 5 mappings in 'requestMappingHandlerMapping'
2022-08-19 16:27:11.287 DEBUG 85240 --- [    Test worker] o.s.w.s.handler.SimpleUrlHandlerMapping  : Patterns [/webjars/**, /**, /api/explorer/**] in 'resourceHandlerMapping'
2022-08-19 16:27:11.296 DEBUG 85240 --- [    Test worker] .m.m.a.ExceptionHandlerExceptionResolver : ControllerAdvice beans: 1 @ExceptionHandler, 1 ResponseBodyAdvice
2022-08-19 16:27:11.586  INFO 85240 --- [    Test worker] o.s.b.a.e.web.EndpointLinksResolver      : Exposing 13 endpoint(s) beneath base path '/actuator'
2022-08-19 16:27:11.615  INFO 85240 --- [    Test worker] c.e.p.ProjectBoardApplicationTests       : Started ProjectBoardApplicationTests in 3.14 seconds (JVM running for 3.886)
]]></system-out>
  <system-err><![CDATA[]]></system-err>
</testsuite>
