<?xml version="1.0" encoding="UTF-8"?>
<testsuite name="Data REST API 테스트" tests="5" skipped="5" failures="0" errors="0" timestamp="2022-08-19T07:27:12" hostname="gimbeom-uui-MacBookAir.local" time="0.001">
  <properties/>
  <testcase name="[api] 게시글 list 조회" classname="com.example.projectboard.controller.DataRestTest" time="0.0">
    <skipped/>
  </testcase>
  <testcase name="[api] 게시글 -&gt; 댓글 리스트 조회" classname="com.example.projectboard.controller.DataRestTest" time="0.0">
    <skipped/>
  </testcase>
  <testcase name="[api] 게시글 단건 조회" classname="com.example.projectboard.controller.DataRestTest" time="0.0">
    <skipped/>
  </testcase>
  <testcase name="[api] 댓글 list 조회" classname="com.example.projectboard.controller.DataRestTest" time="0.0">
    <skipped/>
  </testcase>
  <testcase name="[api] 회원 관련 API 는 일체 제공하지 않는다." classname="com.example.projectboard.controller.DataRestTest" time="0.0">
    <skipped/>
  </testcase>
  <system-out><![CDATA[]]></system-out>
  <system-err><![CDATA[]]></system-err>
</testsuite>
