<?xml version="1.0" encoding="UTF-8"?>
<testsuite name="View 컨트롤러" tests="4" skipped="2" failures="0" errors="0" timestamp="2022-08-19T07:27:11" hostname="gimbeom-uui-MacBookAir.local" time="0.146">
  <properties/>
  <testcase name="[view][GET] 게시글 검색 전용 페이지" classname="com.example.projectboard.controller.ArticleControllerTest" time="0.0">
    <skipped/>
  </testcase>
  <testcase name="[view][GET] 게시글 리스트" classname="com.example.projectboard.controller.ArticleControllerTest" time="0.133"/>
  <testcase name="[view][GET] 게시글 해시태그 검색 페이지" classname="com.example.projectboard.controller.ArticleControllerTest" time="0.0">
    <skipped/>
  </testcase>
  <testcase name="[view][GET] 게시글 상세 페이지" classname="com.example.projectboard.controller.ArticleControllerTest" time="0.009"/>
  <system-out><![CDATA[2022-08-19 16:27:11.648  INFO 85240 --- [    Test worker] .b.t.a.w.s.WebMvcTestContextBootstrapper : Neither @ContextConfiguration nor @ContextHierarchy found for test class [com.example.projectboard.controller.ArticleControllerTest], using SpringBootContextLoader
2022-08-19 16:27:11.649  INFO 85240 --- [    Test worker] o.s.t.c.support.AbstractContextLoader    : Could not detect default resource locations for test class [com.example.projectboard.controller.ArticleControllerTest]: no resource found for suffixes {-context.xml, Context.groovy}.
2022-08-19 16:27:11.649  INFO 85240 --- [    Test worker] t.c.s.AnnotationConfigContextLoaderUtils : Could not detect default configuration classes for test class [com.example.projectboard.controller.ArticleControllerTest]: ArticleControllerTest does not declare any static, non-private, non-final, nested classes annotated with @Configuration.
2022-08-19 16:27:11.655  INFO 85240 --- [    Test worker] .b.t.c.SpringBootTestContextBootstrapper : Found @SpringBootConfiguration com.example.projectboard.ProjectBoardApplication for test class com.example.projectboard.controller.ArticleControllerTest
2022-08-19 16:27:11.655  INFO 85240 --- [    Test worker] .b.t.a.w.s.WebMvcTestContextBootstrapper : Loaded default TestExecutionListener class names from location [META-INF/spring.factories]: [org.springframework.boot.test.autoconfigure.restdocs.RestDocsTestExecutionListener, org.springframework.boot.test.autoconfigure.web.client.MockRestServiceServerResetTestExecutionListener, org.springframework.boot.test.autoconfigure.web.servlet.MockMvcPrintOnlyOnFailureTestExecutionListener, org.springframework.boot.test.autoconfigure.web.servlet.WebDriverTestExecutionListener, org.springframework.boot.test.autoconfigure.webservices.client.MockWebServiceServerTestExecutionListener, org.springframework.boot.test.mock.mockito.MockitoTestExecutionListener, org.springframework.boot.test.mock.mockito.ResetMocksTestExecutionListener, org.springframework.test.context.web.ServletTestExecutionListener, org.springframework.test.context.support.DirtiesContextBeforeModesTestExecutionListener, org.springframework.test.context.event.ApplicationEventsTestExecutionListener, org.springframework.test.context.support.DependencyInjectionTestExecutionListener, org.springframework.test.context.support.DirtiesContextTestExecutionListener, org.springframework.test.context.transaction.TransactionalTestExecutionListener, org.springframework.test.context.jdbc.SqlScriptsTestExecutionListener, org.springframework.test.context.event.EventPublishingTestExecutionListener]
2022-08-19 16:27:11.656  INFO 85240 --- [    Test worker] .b.t.a.w.s.WebMvcTestContextBootstrapper : Using TestExecutionListeners: [org.springframework.test.context.web.ServletTestExecutionListener@30f39d9d, org.springframework.test.context.support.DirtiesContextBeforeModesTestExecutionListener@f58011d, org.springframework.test.context.event.ApplicationEventsTestExecutionListener@5fb0c234, org.springframework.boot.test.mock.mockito.MockitoTestExecutionListener@6cf7de4e, org.springframework.boot.test.autoconfigure.SpringBootDependencyInjectionTestExecutionListener@40c4b938, org.springframework.test.context.support.DirtiesContextTestExecutionListener@f5b08d4, org.springframework.test.context.transaction.TransactionalTestExecutionListener@56a3da69, org.springframework.test.context.jdbc.SqlScriptsTestExecutionListener@4746b5d, org.springframework.test.context.event.EventPublishingTestExecutionListener@611c1f92, org.springframework.boot.test.autoconfigure.restdocs.RestDocsTestExecutionListener@3656a6cd, org.springframework.boot.test.autoconfigure.web.client.MockRestServiceServerResetTestExecutionListener@7eee42fc, org.springframework.boot.test.autoconfigure.web.servlet.MockMvcPrintOnlyOnFailureTestExecutionListener@5967f0ff, org.springframework.boot.test.autoconfigure.web.servlet.WebDriverTestExecutionListener@580694ce, org.springframework.boot.test.autoconfigure.webservices.client.MockWebServiceServerTestExecutionListener@5be521cd, org.springframework.boot.test.mock.mockito.ResetMocksTestExecutionListener@579071ef]

  .   ____          _            __ _ _
 /\\ / ___'_ __ _ _(_)_ __  __ _ \ \ \ \
( ( )\___ | '_ | '_| | '_ \/ _` | \ \ \ \
 \\/  ___)| |_)| | | | | || (_| |  ) ) ) )
  '  |____| .__|_| |_|_| |_\__, | / / / /
 =========|_|==============|___/=/_/_/_/
 :: Spring Boot ::                (v2.7.2)

2022-08-19 16:27:11.671  INFO 85240 --- [    Test worker] c.e.p.controller.ArticleControllerTest   : Starting ArticleControllerTest using Java 17.0.4 on gimbeom-uui-MacBookAir.local with PID 85240 (started by kimbeom-u in /Users/kimbeom-u/Desktop/study/project-board/project-board)
2022-08-19 16:27:11.671 DEBUG 85240 --- [    Test worker] c.e.p.controller.ArticleControllerTest   : Running with Spring Boot v2.7.2, Spring v5.3.22
2022-08-19 16:27:11.671  INFO 85240 --- [    Test worker] c.e.p.controller.ArticleControllerTest   : No active profile set, falling back to 1 default profile: "default"
2022-08-19 16:27:11.788  WARN 85240 --- [    Test worker] .s.s.UserDetailsServiceAutoConfiguration : 

Using generated security password: 47de79fc-4faa-4595-ae4e-1df627491582

This generated password is for development use only. Your security configuration must be updated before running your application in production.

2022-08-19 16:27:11.812  INFO 85240 --- [    Test worker] o.s.s.web.DefaultSecurityFilterChain     : Will secure any request with [org.springframework.security.web.session.DisableEncodeUrlFilter@179dc2, org.springframework.security.web.context.request.async.WebAsyncManagerIntegrationFilter@1802badc, org.springframework.security.web.context.SecurityContextPersistenceFilter@6f636de3, org.springframework.security.web.header.HeaderWriterFilter@26169be3, org.springframework.security.web.csrf.CsrfFilter@353aadd7, org.springframework.security.web.authentication.logout.LogoutFilter@74a37c91, org.springframework.security.web.authentication.UsernamePasswordAuthenticationFilter@6f3f2340, org.springframework.security.web.authentication.ui.DefaultLoginPageGeneratingFilter@64a009e7, org.springframework.security.web.authentication.ui.DefaultLogoutPageGeneratingFilter@3a089620, org.springframework.security.web.savedrequest.RequestCacheAwareFilter@40f49d72, org.springframework.security.web.servletapi.SecurityContextHolderAwareRequestFilter@522fdf0c, org.springframework.security.web.authentication.AnonymousAuthenticationFilter@2cbb9702, org.springframework.security.web.session.SessionManagementFilter@f573dcb, org.springframework.security.web.access.ExceptionTranslationFilter@39595a8, org.springframework.security.web.access.intercept.AuthorizationFilter@3cd3cf6b]
2022-08-19 16:27:11.853 DEBUG 85240 --- [    Test worker] s.w.s.m.m.a.RequestMappingHandlerAdapter : ControllerAdvice beans: 0 @ModelAttribute, 0 @InitBinder, 1 RequestBodyAdvice, 1 ResponseBodyAdvice
2022-08-19 16:27:11.855  INFO 85240 --- [    Test worker] o.s.b.a.w.s.WelcomePageHandlerMapping    : Adding welcome page template: index
2022-08-19 16:27:11.862 DEBUG 85240 --- [    Test worker] s.w.s.m.m.a.RequestMappingHandlerMapping : 4 mappings in 'requestMappingHandlerMapping'
2022-08-19 16:27:11.869 DEBUG 85240 --- [    Test worker] o.s.w.s.handler.SimpleUrlHandlerMapping  : Patterns [/webjars/**, /**] in 'resourceHandlerMapping'
2022-08-19 16:27:11.871 DEBUG 85240 --- [    Test worker] .m.m.a.ExceptionHandlerExceptionResolver : ControllerAdvice beans: 0 @ExceptionHandler, 1 ResponseBodyAdvice
2022-08-19 16:27:11.922  INFO 85240 --- [    Test worker] o.s.b.t.m.w.SpringBootMockServletContext : Initializing Spring TestDispatcherServlet ''
2022-08-19 16:27:11.922  INFO 85240 --- [    Test worker] o.s.t.web.servlet.TestDispatcherServlet  : Initializing Servlet ''
2022-08-19 16:27:11.923  INFO 85240 --- [    Test worker] o.s.t.web.servlet.TestDispatcherServlet  : Completed initialization in 1 ms
2022-08-19 16:27:11.932  INFO 85240 --- [    Test worker] c.e.p.controller.ArticleControllerTest   : Started ArticleControllerTest in 0.273 seconds (JVM running for 4.202)
2022-08-19 16:27:11.950 DEBUG 85240 --- [    Test worker] s.w.s.m.m.a.RequestMappingHandlerMapping : Mapped to com.example.projectboard.controller.ArticleController#articles(ModelMap)
2022-08-19 16:27:11.965 DEBUG 85240 --- [    Test worker] o.s.w.s.v.ContentNegotiatingViewResolver : Selected '*/*' given [*/*]
2022-08-19 16:27:12.072 DEBUG 85240 --- [    Test worker] s.w.s.m.m.a.RequestMappingHandlerMapping : Mapped to com.example.projectboard.controller.ArticleController#article(Long, ModelMap)
2022-08-19 16:27:12.075 DEBUG 85240 --- [    Test worker] o.s.w.s.v.ContentNegotiatingViewResolver : Selected '*/*' given [*/*]
]]></system-out>
  <system-err><![CDATA[]]></system-err>
</testsuite>
